<?xml version="1.0" encoding="UTF-8"?>
<!-- Generated by org.testng.reporters.JUnitXMLReporter -->
<testsuite hostname="LAPTOP-MESD7S9J" ignored="1" name="Different Testng Feature Test" tests="1" failures="1" timestamp="21 Aug 2019 03:01:13 GMT" time="0.031" errors="0">
  <testcase name="testlogIn" time="0.009" classname="testRunner.HomePageTest">
    <failure type="java.lang.NullPointerException">
      <![CDATA[java.lang.NullPointerException
at pageFunction.HomePageFunction.StartLogIn(HomePageFunction.java:17)
at testRunner.HomePageTest.testlogIn(HomePageTest.java:19)
... Removed 25 stack frames]]>
    </failure>
  </testcase> <!-- testlogIn -->
  <testcase name="testlogin2" time="0.0" classname="testRunner.HomePageTest">
    <ignored/>
  </testcase> <!-- testlogin2 -->
</testsuite> <!-- Different Testng Feature Test -->
